app/build/outputs/logs/manifest-merger-debug-report.txt
-- Merging decision tree log ---
manifest
ADDED from src/main/AndroidManifest.xml:2:1-46:12
	package
		ADDED from src/main/AndroidManifest.xml:3:5-30
		INJECTED from src/main/AndroidManifest.xml
		INJECTED from src/main/AndroidManifest.xml
	android:versionName
		ADDED from src/main/AndroidManifest.xml:5:5-30
		INJECTED from src/main/AndroidManifest.xml
		INJECTED from src/main/AndroidManifest.xml
	android:versionCode
		ADDED from src/main/AndroidManifest.xml:4:5-28
		INJECTED from src/main/AndroidManifest.xml
		INJECTED from src/main/AndroidManifest.xml
	xmlns:android
		ADDED from src/main/AndroidManifest.xml:2:11-69
uses-sdk
ADDED from src/main/AndroidManifest.xml:7:5-9:40
MERGED from [com.android.support:appcompat-v7:19.1.0] AndroidManifest.xml:18:5-42
	android:targetSdkVersion
		ADDED from src/main/AndroidManifest.xml:9:9-37
		INJECTED from src/main/AndroidManifest.xml
		INJECTED from src/main/AndroidManifest.xml
	android:minSdkVersion
		ADDED from src/main/AndroidManifest.xml:8:9-34
		INJECTED from src/main/AndroidManifest.xml
		INJECTED from src/main/AndroidManifest.xml
uses-permission#android.permission.ACCESS_FINE_LOCATION
ADDED from src/main/AndroidManifest.xml:11:5-78
	android:name
		ADDED from src/main/AndroidManifest.xml:11:22-76
uses-permission#android.permission.ACCESS_COARSE_LOCATION
ADDED from src/main/AndroidManifest.xml:12:5-80
	android:name
		ADDED from src/main/AndroidManifest.xml:12:22-78
uses-permission#android.permission.KILL_BACKGROUND_PROCESSES
ADDED from src/main/AndroidManifest.xml:13:5-84
	android:name
		ADDED from src/main/AndroidManifest.xml:13:22-81
uses-permission#android.permission.VIBRATE
ADDED from src/main/AndroidManifest.xml:14:5-65
	android:name
		ADDED from src/main/AndroidManifest.xml:14:22-63
uses-permission#android.permission.READ_PHONE_STATE
ADDED from src/main/AndroidManifest.xml:15:5-74
	android:name
		ADDED from src/main/AndroidManifest.xml:15:22-72
uses-permission#android.permission.RECEIVE_BOOT_COMPLETED
ADDED from src/main/AndroidManifest.xml:16:5-81
	android:name
		ADDED from src/main/AndroidManifest.xml:16:22-78
uses-permission#android.permission.INTERNET
ADDED from src/main/AndroidManifest.xml:17:6-68
	android:name
		ADDED from src/main/AndroidManifest.xml:17:23-65
uses-permission#android.permission.ACCESS_NETWORK_STATE
ADDED from src/main/AndroidManifest.xml:18:5-79
	android:name
		ADDED from src/main/AndroidManifest.xml:18:22-76
application
ADDED from src/main/AndroidManifest.xml:19:5-44:19
MERGED from [com.android.support:appcompat-v7:19.1.0] AndroidManifest.xml:19:5-20
	android:label
		ADDED from src/main/AndroidManifest.xml:22:9-41
	android:allowBackup
		ADDED from src/main/AndroidManifest.xml:20:9-35
	android:icon
		ADDED from src/main/AndroidManifest.xml:21:9-38
receiver#com.example.ddd.Recividor
ADDED from src/main/AndroidManifest.xml:24:9-29:14
	android:name
		ADDED from src/main/AndroidManifest.xml:24:19-59
intent-filter#android.intent.action.BOOT_COMPLETED+android.intent.category.HOME
ADDED from src/main/AndroidManifest.xml:25:8-28:24
action#android.intent.action.BOOT_COMPLETED
ADDED from src/main/AndroidManifest.xml:26:11-76
	android:name
		ADDED from src/main/AndroidManifest.xml:26:22-73
category#android.intent.category.HOME
ADDED from src/main/AndroidManifest.xml:27:11-67
	android:name
		ADDED from src/main/AndroidManifest.xml:27:21-64
activity#com.example.ddd.MainActivity
ADDED from src/main/AndroidManifest.xml:30:9-38:20
	android:label
		ADDED from src/main/AndroidManifest.xml:32:13-45
	android:name
		ADDED from src/main/AndroidManifest.xml:31:13-56
intent-filter#android.intent.action.MAIN+android.intent.category.LAUNCHER
ADDED from src/main/AndroidManifest.xml:33:13-37:29
action#android.intent.action.MAIN
ADDED from src/main/AndroidManifest.xml:34:17-69
	android:name
		ADDED from src/main/AndroidManifest.xml:34:25-66
category#android.intent.category.LAUNCHER
ADDED from src/main/AndroidManifest.xml:36:17-77
	android:name
		ADDED from src/main/AndroidManifest.xml:36:27-74
service#com.example.ddd.Servicio
ADDED from src/main/AndroidManifest.xml:40:13-42:52
	android:enabled
		ADDED from src/main/AndroidManifest.xml:40:22-44
	android:icon
		ADDED from src/main/AndroidManifest.xml:42:14-50
	android:name
		ADDED from src/main/AndroidManifest.xml:41:14-53